2024-11-24 19:05:56 - multipart.multipart - DEBUG - Calling on_field_start with no data
2024-11-24 19:05:56 - multipart.multipart - DEBUG - Calling on_field_name with data[0:8]
2024-11-24 19:05:56 - multipart.multipart - DEBUG - Calling on_field_data with data[9:15]
2024-11-24 19:05:56 - multipart.multipart - DEBUG - Calling on_field_end with no data
2024-11-24 19:05:56 - multipart.multipart - DEBUG - Calling on_field_start with no data
2024-11-24 19:05:56 - multipart.multipart - DEBUG - Calling on_field_name with data[16:24]
2024-11-24 19:05:56 - multipart.multipart - DEBUG - Calling on_field_data with data[25:31]
2024-11-24 19:05:56 - multipart.multipart - DEBUG - Calling on_field_end with no data
2024-11-24 19:05:56 - multipart.multipart - DEBUG - Calling on_end with no data
2024-11-24 19:09:36 - multipart.multipart - DEBUG - Calling on_field_start with no data
2024-11-24 19:09:36 - multipart.multipart - DEBUG - Calling on_field_name with data[0:8]
2024-11-24 19:09:36 - multipart.multipart - DEBUG - Calling on_field_data with data[9:15]
2024-11-24 19:09:36 - multipart.multipart - DEBUG - Calling on_field_end with no data
2024-11-24 19:09:36 - multipart.multipart - DEBUG - Calling on_field_start with no data
2024-11-24 19:09:36 - multipart.multipart - DEBUG - Calling on_field_name with data[16:24]
2024-11-24 19:09:36 - multipart.multipart - DEBUG - Calling on_field_data with data[25:31]
2024-11-24 19:09:36 - multipart.multipart - DEBUG - Calling on_field_end with no data
2024-11-24 19:09:36 - multipart.multipart - DEBUG - Calling on_end with no data
2024-11-24 19:18:54 - multipart.multipart - DEBUG - Calling on_field_start with no data
2024-11-24 19:18:54 - multipart.multipart - DEBUG - Calling on_field_name with data[0:10]
2024-11-24 19:18:54 - multipart.multipart - DEBUG - Calling on_field_data with data[11:19]
2024-11-24 19:18:54 - multipart.multipart - DEBUG - Calling on_field_end with no data
2024-11-24 19:18:54 - multipart.multipart - DEBUG - Calling on_field_start with no data
2024-11-24 19:18:54 - multipart.multipart - DEBUG - Calling on_field_name with data[20:28]
2024-11-24 19:18:54 - multipart.multipart - DEBUG - Calling on_field_data with data[29:35]
2024-11-24 19:18:54 - multipart.multipart - DEBUG - Calling on_field_end with no data
2024-11-24 19:18:54 - multipart.multipart - DEBUG - Calling on_field_start with no data
2024-11-24 19:18:54 - multipart.multipart - DEBUG - Calling on_field_name with data[36:44]
2024-11-24 19:18:54 - multipart.multipart - DEBUG - Calling on_field_data with data[45:51]
2024-11-24 19:18:54 - multipart.multipart - DEBUG - Calling on_field_end with no data
2024-11-24 19:18:54 - multipart.multipart - DEBUG - Calling on_end with no data
2024-11-24 19:19:32 - multipart.multipart - DEBUG - Calling on_field_start with no data
2024-11-24 19:19:32 - multipart.multipart - DEBUG - Calling on_field_name with data[0:10]
2024-11-24 19:19:32 - multipart.multipart - DEBUG - Calling on_field_data with data[11:19]
2024-11-24 19:19:32 - multipart.multipart - DEBUG - Calling on_field_end with no data
2024-11-24 19:19:32 - multipart.multipart - DEBUG - Calling on_field_start with no data
2024-11-24 19:19:32 - multipart.multipart - DEBUG - Calling on_field_name with data[20:28]
2024-11-24 19:19:32 - multipart.multipart - DEBUG - Calling on_field_data with data[29:35]
2024-11-24 19:19:32 - multipart.multipart - DEBUG - Calling on_field_end with no data
2024-11-24 19:19:32 - multipart.multipart - DEBUG - Calling on_field_start with no data
2024-11-24 19:19:32 - multipart.multipart - DEBUG - Calling on_field_name with data[36:44]
2024-11-24 19:19:32 - multipart.multipart - DEBUG - Calling on_field_data with data[45:51]
2024-11-24 19:19:32 - multipart.multipart - DEBUG - Calling on_field_end with no data
2024-11-24 19:19:32 - multipart.multipart - DEBUG - Calling on_end with no data
2024-11-24 19:19:51 - multipart.multipart - DEBUG - Calling on_field_start with no data
2024-11-24 19:19:51 - multipart.multipart - DEBUG - Calling on_field_name with data[0:10]
2024-11-24 19:19:51 - multipart.multipart - DEBUG - Calling on_field_data with data[11:19]
2024-11-24 19:19:51 - multipart.multipart - DEBUG - Calling on_field_end with no data
2024-11-24 19:19:51 - multipart.multipart - DEBUG - Calling on_field_start with no data
2024-11-24 19:19:51 - multipart.multipart - DEBUG - Calling on_field_name with data[20:28]
2024-11-24 19:19:51 - multipart.multipart - DEBUG - Calling on_field_data with data[29:35]
2024-11-24 19:19:51 - multipart.multipart - DEBUG - Calling on_field_end with no data
2024-11-24 19:19:51 - multipart.multipart - DEBUG - Calling on_field_start with no data
2024-11-24 19:19:51 - multipart.multipart - DEBUG - Calling on_field_name with data[36:44]
2024-11-24 19:19:51 - multipart.multipart - DEBUG - Calling on_field_data with data[45:51]
2024-11-24 19:19:51 - multipart.multipart - DEBUG - Calling on_field_end with no data
2024-11-24 19:19:51 - multipart.multipart - DEBUG - Calling on_field_start with no data
2024-11-24 19:19:51 - multipart.multipart - DEBUG - Calling on_field_name with data[52:57]
2024-11-24 19:19:51 - multipart.multipart - DEBUG - Calling on_field_end with no data
2024-11-24 19:19:51 - multipart.multipart - DEBUG - Calling on_field_start with no data
2024-11-24 19:19:51 - multipart.multipart - DEBUG - Calling on_field_name with data[59:68]
2024-11-24 19:19:51 - multipart.multipart - DEBUG - Calling on_field_data with data[69:75]
2024-11-24 19:19:51 - multipart.multipart - DEBUG - Calling on_field_end with no data
2024-11-24 19:19:51 - multipart.multipart - DEBUG - Calling on_field_start with no data
2024-11-24 19:19:51 - multipart.multipart - DEBUG - Calling on_field_name with data[76:89]
2024-11-24 19:19:51 - multipart.multipart - DEBUG - Calling on_field_data with data[90:96]
2024-11-24 19:19:51 - multipart.multipart - DEBUG - Calling on_field_end with no data
2024-11-24 19:19:51 - multipart.multipart - DEBUG - Calling on_end with no data
2024-11-24 19:20:39 - multipart.multipart - DEBUG - Calling on_field_start with no data
2024-11-24 19:20:39 - multipart.multipart - DEBUG - Calling on_field_name with data[0:10]
2024-11-24 19:20:39 - multipart.multipart - DEBUG - Calling on_field_data with data[11:19]
2024-11-24 19:20:39 - multipart.multipart - DEBUG - Calling on_field_end with no data
2024-11-24 19:20:39 - multipart.multipart - DEBUG - Calling on_field_start with no data
2024-11-24 19:20:39 - multipart.multipart - DEBUG - Calling on_field_name with data[20:28]
2024-11-24 19:20:39 - multipart.multipart - DEBUG - Calling on_field_data with data[29:35]
2024-11-24 19:20:39 - multipart.multipart - DEBUG - Calling on_field_end with no data
2024-11-24 19:20:39 - multipart.multipart - DEBUG - Calling on_field_start with no data
2024-11-24 19:20:39 - multipart.multipart - DEBUG - Calling on_field_name with data[36:44]
2024-11-24 19:20:39 - multipart.multipart - DEBUG - Calling on_field_data with data[45:51]
2024-11-24 19:20:39 - multipart.multipart - DEBUG - Calling on_field_end with no data
2024-11-24 19:20:39 - multipart.multipart - DEBUG - Calling on_end with no data
2024-11-24 19:22:46 - multipart.multipart - DEBUG - Calling on_field_start with no data
2024-11-24 19:22:46 - multipart.multipart - DEBUG - Calling on_field_name with data[0:10]
2024-11-24 19:22:46 - multipart.multipart - DEBUG - Calling on_field_data with data[11:19]
2024-11-24 19:22:46 - multipart.multipart - DEBUG - Calling on_field_end with no data
2024-11-24 19:22:46 - multipart.multipart - DEBUG - Calling on_field_start with no data
2024-11-24 19:22:46 - multipart.multipart - DEBUG - Calling on_field_name with data[20:28]
2024-11-24 19:22:46 - multipart.multipart - DEBUG - Calling on_field_data with data[29:35]
2024-11-24 19:22:46 - multipart.multipart - DEBUG - Calling on_field_end with no data
2024-11-24 19:22:46 - multipart.multipart - DEBUG - Calling on_field_start with no data
2024-11-24 19:22:46 - multipart.multipart - DEBUG - Calling on_field_name with data[36:44]
2024-11-24 19:22:46 - multipart.multipart - DEBUG - Calling on_field_data with data[45:51]
2024-11-24 19:22:46 - multipart.multipart - DEBUG - Calling on_field_end with no data
2024-11-24 19:22:46 - multipart.multipart - DEBUG - Calling on_end with no data
2024-11-24 19:24:00 - multipart.multipart - DEBUG - Calling on_field_start with no data
2024-11-24 19:24:00 - multipart.multipart - DEBUG - Calling on_field_name with data[0:10]
2024-11-24 19:24:00 - multipart.multipart - DEBUG - Calling on_field_data with data[11:19]
2024-11-24 19:24:00 - multipart.multipart - DEBUG - Calling on_field_end with no data
2024-11-24 19:24:00 - multipart.multipart - DEBUG - Calling on_field_start with no data
2024-11-24 19:24:00 - multipart.multipart - DEBUG - Calling on_field_name with data[20:28]
2024-11-24 19:24:00 - multipart.multipart - DEBUG - Calling on_field_data with data[29:35]
2024-11-24 19:24:00 - multipart.multipart - DEBUG - Calling on_field_end with no data
2024-11-24 19:24:00 - multipart.multipart - DEBUG - Calling on_field_start with no data
2024-11-24 19:24:00 - multipart.multipart - DEBUG - Calling on_field_name with data[36:44]
2024-11-24 19:24:00 - multipart.multipart - DEBUG - Calling on_field_data with data[45:51]
2024-11-24 19:24:00 - multipart.multipart - DEBUG - Calling on_field_end with no data
2024-11-24 19:24:00 - multipart.multipart - DEBUG - Calling on_end with no data
2024-11-24 19:28:16 - multipart.multipart - DEBUG - Calling on_field_start with no data
2024-11-24 19:28:16 - multipart.multipart - DEBUG - Calling on_field_name with data[0:10]
2024-11-24 19:28:16 - multipart.multipart - DEBUG - Calling on_field_data with data[11:19]
2024-11-24 19:28:16 - multipart.multipart - DEBUG - Calling on_field_end with no data
2024-11-24 19:28:16 - multipart.multipart - DEBUG - Calling on_field_start with no data
2024-11-24 19:28:16 - multipart.multipart - DEBUG - Calling on_field_name with data[20:28]
2024-11-24 19:28:16 - multipart.multipart - DEBUG - Calling on_field_data with data[29:35]
2024-11-24 19:28:16 - multipart.multipart - DEBUG - Calling on_field_end with no data
2024-11-24 19:28:16 - multipart.multipart - DEBUG - Calling on_field_start with no data
2024-11-24 19:28:16 - multipart.multipart - DEBUG - Calling on_field_name with data[36:44]
2024-11-24 19:28:16 - multipart.multipart - DEBUG - Calling on_field_data with data[45:51]
2024-11-24 19:28:16 - multipart.multipart - DEBUG - Calling on_field_end with no data
2024-11-24 19:28:16 - multipart.multipart - DEBUG - Calling on_end with no data
2024-11-24 19:35:20 - multipart.multipart - DEBUG - Calling on_field_start with no data
2024-11-24 19:35:20 - multipart.multipart - DEBUG - Calling on_field_name with data[0:10]
2024-11-24 19:35:20 - multipart.multipart - DEBUG - Calling on_field_data with data[11:19]
2024-11-24 19:35:20 - multipart.multipart - DEBUG - Calling on_field_end with no data
2024-11-24 19:35:20 - multipart.multipart - DEBUG - Calling on_field_start with no data
2024-11-24 19:35:20 - multipart.multipart - DEBUG - Calling on_field_name with data[20:28]
2024-11-24 19:35:20 - multipart.multipart - DEBUG - Calling on_field_data with data[29:35]
2024-11-24 19:35:20 - multipart.multipart - DEBUG - Calling on_field_end with no data
2024-11-24 19:35:20 - multipart.multipart - DEBUG - Calling on_field_start with no data
2024-11-24 19:35:20 - multipart.multipart - DEBUG - Calling on_field_name with data[36:44]
2024-11-24 19:35:20 - multipart.multipart - DEBUG - Calling on_field_data with data[45:51]
2024-11-24 19:35:20 - multipart.multipart - DEBUG - Calling on_field_end with no data
2024-11-24 19:35:20 - multipart.multipart - DEBUG - Calling on_end with no data
2024-11-24 19:42:17 - multipart.multipart - DEBUG - Calling on_field_start with no data
2024-11-24 19:42:17 - multipart.multipart - DEBUG - Calling on_field_name with data[0:10]
2024-11-24 19:42:17 - multipart.multipart - DEBUG - Calling on_field_data with data[11:19]
2024-11-24 19:42:17 - multipart.multipart - DEBUG - Calling on_field_end with no data
2024-11-24 19:42:17 - multipart.multipart - DEBUG - Calling on_field_start with no data
2024-11-24 19:42:17 - multipart.multipart - DEBUG - Calling on_field_name with data[20:28]
2024-11-24 19:42:17 - multipart.multipart - DEBUG - Calling on_field_data with data[29:35]
2024-11-24 19:42:17 - multipart.multipart - DEBUG - Calling on_field_end with no data
2024-11-24 19:42:17 - multipart.multipart - DEBUG - Calling on_field_start with no data
2024-11-24 19:42:17 - multipart.multipart - DEBUG - Calling on_field_name with data[36:44]
2024-11-24 19:42:17 - multipart.multipart - DEBUG - Calling on_field_data with data[45:51]
2024-11-24 19:42:17 - multipart.multipart - DEBUG - Calling on_field_end with no data
2024-11-24 19:42:17 - multipart.multipart - DEBUG - Calling on_field_start with no data
2024-11-24 19:42:17 - multipart.multipart - DEBUG - Calling on_field_name with data[52:57]
2024-11-24 19:42:17 - multipart.multipart - DEBUG - Calling on_field_end with no data
2024-11-24 19:42:17 - multipart.multipart - DEBUG - Calling on_field_start with no data
2024-11-24 19:42:17 - multipart.multipart - DEBUG - Calling on_field_name with data[59:68]
2024-11-24 19:42:17 - multipart.multipart - DEBUG - Calling on_field_data with data[69:75]
2024-11-24 19:42:17 - multipart.multipart - DEBUG - Calling on_field_end with no data
2024-11-24 19:42:17 - multipart.multipart - DEBUG - Calling on_field_start with no data
2024-11-24 19:42:17 - multipart.multipart - DEBUG - Calling on_field_name with data[76:89]
2024-11-24 19:42:17 - multipart.multipart - DEBUG - Calling on_field_data with data[90:96]
2024-11-24 19:42:17 - multipart.multipart - DEBUG - Calling on_field_end with no data
2024-11-24 19:42:17 - multipart.multipart - DEBUG - Calling on_end with no data
2024-11-24 19:43:11 - multipart.multipart - DEBUG - Calling on_field_start with no data
2024-11-24 19:43:11 - multipart.multipart - DEBUG - Calling on_field_name with data[0:8]
2024-11-24 19:43:11 - multipart.multipart - DEBUG - Calling on_field_data with data[9:15]
2024-11-24 19:43:11 - multipart.multipart - DEBUG - Calling on_field_end with no data
2024-11-24 19:43:11 - multipart.multipart - DEBUG - Calling on_field_start with no data
2024-11-24 19:43:11 - multipart.multipart - DEBUG - Calling on_field_name with data[16:24]
2024-11-24 19:43:11 - multipart.multipart - DEBUG - Calling on_field_data with data[25:31]
2024-11-24 19:43:11 - multipart.multipart - DEBUG - Calling on_field_end with no data
2024-11-24 19:43:11 - multipart.multipart - DEBUG - Calling on_end with no data
2024-11-24 19:43:44 - multipart.multipart - DEBUG - Calling on_field_start with no data
2024-11-24 19:43:44 - multipart.multipart - DEBUG - Calling on_field_name with data[0:10]
2024-11-24 19:43:44 - multipart.multipart - DEBUG - Calling on_field_data with data[11:19]
2024-11-24 19:43:44 - multipart.multipart - DEBUG - Calling on_field_end with no data
2024-11-24 19:43:44 - multipart.multipart - DEBUG - Calling on_field_start with no data
2024-11-24 19:43:44 - multipart.multipart - DEBUG - Calling on_field_name with data[20:28]
2024-11-24 19:43:44 - multipart.multipart - DEBUG - Calling on_field_data with data[29:35]
2024-11-24 19:43:44 - multipart.multipart - DEBUG - Calling on_field_end with no data
2024-11-24 19:43:44 - multipart.multipart - DEBUG - Calling on_field_start with no data
2024-11-24 19:43:44 - multipart.multipart - DEBUG - Calling on_field_name with data[36:44]
2024-11-24 19:43:44 - multipart.multipart - DEBUG - Calling on_field_data with data[45:51]
2024-11-24 19:43:44 - multipart.multipart - DEBUG - Calling on_field_end with no data
2024-11-24 19:43:44 - multipart.multipart - DEBUG - Calling on_end with no data
2024-11-24 19:46:26 - multipart.multipart - DEBUG - Calling on_field_start with no data
2024-11-24 19:46:26 - multipart.multipart - DEBUG - Calling on_field_name with data[0:10]
2024-11-24 19:46:26 - multipart.multipart - DEBUG - Calling on_field_data with data[11:19]
2024-11-24 19:46:26 - multipart.multipart - DEBUG - Calling on_field_end with no data
2024-11-24 19:46:26 - multipart.multipart - DEBUG - Calling on_field_start with no data
2024-11-24 19:46:26 - multipart.multipart - DEBUG - Calling on_field_name with data[20:28]
2024-11-24 19:46:26 - multipart.multipart - DEBUG - Calling on_field_data with data[29:35]
2024-11-24 19:46:26 - multipart.multipart - DEBUG - Calling on_field_end with no data
2024-11-24 19:46:26 - multipart.multipart - DEBUG - Calling on_field_start with no data
2024-11-24 19:46:26 - multipart.multipart - DEBUG - Calling on_field_name with data[36:44]
2024-11-24 19:46:26 - multipart.multipart - DEBUG - Calling on_field_data with data[45:51]
2024-11-24 19:46:26 - multipart.multipart - DEBUG - Calling on_field_end with no data
2024-11-24 19:46:26 - multipart.multipart - DEBUG - Calling on_end with no data
2024-11-24 19:55:40 - multipart.multipart - DEBUG - Calling on_field_start with no data
2024-11-24 19:55:40 - multipart.multipart - DEBUG - Calling on_field_name with data[0:8]
2024-11-24 19:55:40 - multipart.multipart - DEBUG - Calling on_field_data with data[9:15]
2024-11-24 19:55:40 - multipart.multipart - DEBUG - Calling on_field_end with no data
2024-11-24 19:55:40 - multipart.multipart - DEBUG - Calling on_field_start with no data
2024-11-24 19:55:40 - multipart.multipart - DEBUG - Calling on_field_name with data[16:24]
2024-11-24 19:55:40 - multipart.multipart - DEBUG - Calling on_field_data with data[25:31]
2024-11-24 19:55:40 - multipart.multipart - DEBUG - Calling on_field_end with no data
2024-11-24 19:55:40 - multipart.multipart - DEBUG - Calling on_end with no data
2024-11-24 19:55:52 - multipart.multipart - DEBUG - Calling on_field_start with no data
2024-11-24 19:55:52 - multipart.multipart - DEBUG - Calling on_field_name with data[0:8]
2024-11-24 19:55:52 - multipart.multipart - DEBUG - Calling on_field_data with data[9:15]
2024-11-24 19:55:52 - multipart.multipart - DEBUG - Calling on_field_end with no data
2024-11-24 19:55:52 - multipart.multipart - DEBUG - Calling on_field_start with no data
2024-11-24 19:55:52 - multipart.multipart - DEBUG - Calling on_field_name with data[16:24]
2024-11-24 19:55:52 - multipart.multipart - DEBUG - Calling on_field_data with data[25:31]
2024-11-24 19:55:52 - multipart.multipart - DEBUG - Calling on_field_end with no data
2024-11-24 19:55:52 - multipart.multipart - DEBUG - Calling on_end with no data
2024-11-24 19:57:15 - multipart.multipart - DEBUG - Calling on_field_start with no data
2024-11-24 19:57:15 - multipart.multipart - DEBUG - Calling on_field_name with data[0:10]
2024-11-24 19:57:15 - multipart.multipart - DEBUG - Calling on_field_data with data[11:19]
2024-11-24 19:57:15 - multipart.multipart - DEBUG - Calling on_field_end with no data
2024-11-24 19:57:15 - multipart.multipart - DEBUG - Calling on_field_start with no data
2024-11-24 19:57:15 - multipart.multipart - DEBUG - Calling on_field_name with data[20:28]
2024-11-24 19:57:15 - multipart.multipart - DEBUG - Calling on_field_data with data[29:35]
2024-11-24 19:57:15 - multipart.multipart - DEBUG - Calling on_field_end with no data
2024-11-24 19:57:15 - multipart.multipart - DEBUG - Calling on_field_start with no data
2024-11-24 19:57:15 - multipart.multipart - DEBUG - Calling on_field_name with data[36:44]
2024-11-24 19:57:15 - multipart.multipart - DEBUG - Calling on_field_data with data[45:51]
2024-11-24 19:57:15 - multipart.multipart - DEBUG - Calling on_field_end with no data
2024-11-24 19:57:15 - multipart.multipart - DEBUG - Calling on_field_start with no data
2024-11-24 19:57:15 - multipart.multipart - DEBUG - Calling on_field_name with data[52:57]
2024-11-24 19:57:15 - multipart.multipart - DEBUG - Calling on_field_end with no data
2024-11-24 19:57:15 - multipart.multipart - DEBUG - Calling on_field_start with no data
2024-11-24 19:57:15 - multipart.multipart - DEBUG - Calling on_field_name with data[59:68]
2024-11-24 19:57:15 - multipart.multipart - DEBUG - Calling on_field_data with data[69:75]
2024-11-24 19:57:15 - multipart.multipart - DEBUG - Calling on_field_end with no data
2024-11-24 19:57:15 - multipart.multipart - DEBUG - Calling on_field_start with no data
2024-11-24 19:57:15 - multipart.multipart - DEBUG - Calling on_field_name with data[76:89]
2024-11-24 19:57:15 - multipart.multipart - DEBUG - Calling on_field_data with data[90:96]
2024-11-24 19:57:15 - multipart.multipart - DEBUG - Calling on_field_end with no data
2024-11-24 19:57:15 - multipart.multipart - DEBUG - Calling on_end with no data
2024-11-24 19:58:57 - multipart.multipart - DEBUG - Calling on_field_start with no data
2024-11-24 19:58:57 - multipart.multipart - DEBUG - Calling on_field_name with data[0:10]
2024-11-24 19:58:57 - multipart.multipart - DEBUG - Calling on_field_data with data[11:19]
2024-11-24 19:58:57 - multipart.multipart - DEBUG - Calling on_field_end with no data
2024-11-24 19:58:57 - multipart.multipart - DEBUG - Calling on_field_start with no data
2024-11-24 19:58:57 - multipart.multipart - DEBUG - Calling on_field_name with data[20:28]
2024-11-24 19:58:57 - multipart.multipart - DEBUG - Calling on_field_data with data[29:35]
2024-11-24 19:58:57 - multipart.multipart - DEBUG - Calling on_field_end with no data
2024-11-24 19:58:57 - multipart.multipart - DEBUG - Calling on_field_start with no data
2024-11-24 19:58:57 - multipart.multipart - DEBUG - Calling on_field_name with data[36:44]
2024-11-24 19:58:57 - multipart.multipart - DEBUG - Calling on_field_data with data[45:51]
2024-11-24 19:58:57 - multipart.multipart - DEBUG - Calling on_field_end with no data
2024-11-24 19:58:57 - multipart.multipart - DEBUG - Calling on_end with no data
2024-11-24 19:59:11 - multipart.multipart - DEBUG - Calling on_field_start with no data
2024-11-24 19:59:11 - multipart.multipart - DEBUG - Calling on_field_name with data[0:10]
2024-11-24 19:59:11 - multipart.multipart - DEBUG - Calling on_field_data with data[11:19]
2024-11-24 19:59:11 - multipart.multipart - DEBUG - Calling on_field_end with no data
2024-11-24 19:59:11 - multipart.multipart - DEBUG - Calling on_field_start with no data
2024-11-24 19:59:11 - multipart.multipart - DEBUG - Calling on_field_name with data[20:28]
2024-11-24 19:59:11 - multipart.multipart - DEBUG - Calling on_field_data with data[29:35]
2024-11-24 19:59:11 - multipart.multipart - DEBUG - Calling on_field_end with no data
2024-11-24 19:59:11 - multipart.multipart - DEBUG - Calling on_field_start with no data
2024-11-24 19:59:11 - multipart.multipart - DEBUG - Calling on_field_name with data[36:44]
2024-11-24 19:59:11 - multipart.multipart - DEBUG - Calling on_field_data with data[45:51]
2024-11-24 19:59:11 - multipart.multipart - DEBUG - Calling on_field_end with no data
2024-11-24 19:59:11 - multipart.multipart - DEBUG - Calling on_field_start with no data
2024-11-24 19:59:11 - multipart.multipart - DEBUG - Calling on_field_name with data[52:57]
2024-11-24 19:59:11 - multipart.multipart - DEBUG - Calling on_field_end with no data
2024-11-24 19:59:11 - multipart.multipart - DEBUG - Calling on_field_start with no data
2024-11-24 19:59:11 - multipart.multipart - DEBUG - Calling on_field_name with data[59:68]
2024-11-24 19:59:11 - multipart.multipart - DEBUG - Calling on_field_data with data[69:75]
2024-11-24 19:59:11 - multipart.multipart - DEBUG - Calling on_field_end with no data
2024-11-24 19:59:11 - multipart.multipart - DEBUG - Calling on_field_start with no data
2024-11-24 19:59:11 - multipart.multipart - DEBUG - Calling on_field_name with data[76:89]
2024-11-24 19:59:11 - multipart.multipart - DEBUG - Calling on_field_data with data[90:96]
2024-11-24 19:59:11 - multipart.multipart - DEBUG - Calling on_field_end with no data
2024-11-24 19:59:11 - multipart.multipart - DEBUG - Calling on_end with no data
2024-11-24 20:00:19 - multipart.multipart - DEBUG - Calling on_field_start with no data
2024-11-24 20:00:19 - multipart.multipart - DEBUG - Calling on_field_name with data[0:8]
2024-11-24 20:00:19 - multipart.multipart - DEBUG - Calling on_field_data with data[9:15]
2024-11-24 20:00:19 - multipart.multipart - DEBUG - Calling on_field_end with no data
2024-11-24 20:00:19 - multipart.multipart - DEBUG - Calling on_field_start with no data
2024-11-24 20:00:19 - multipart.multipart - DEBUG - Calling on_field_name with data[16:24]
2024-11-24 20:00:19 - multipart.multipart - DEBUG - Calling on_field_data with data[25:31]
2024-11-24 20:00:19 - multipart.multipart - DEBUG - Calling on_field_end with no data
2024-11-24 20:00:19 - multipart.multipart - DEBUG - Calling on_end with no data
2024-11-24 20:06:07 - multipart.multipart - DEBUG - Calling on_field_start with no data
2024-11-24 20:06:07 - multipart.multipart - DEBUG - Calling on_field_name with data[0:8]
2024-11-24 20:06:07 - multipart.multipart - DEBUG - Calling on_field_data with data[9:15]
2024-11-24 20:06:07 - multipart.multipart - DEBUG - Calling on_field_end with no data
2024-11-24 20:06:07 - multipart.multipart - DEBUG - Calling on_field_start with no data
2024-11-24 20:06:07 - multipart.multipart - DEBUG - Calling on_field_name with data[16:24]
2024-11-24 20:06:07 - multipart.multipart - DEBUG - Calling on_field_data with data[25:31]
2024-11-24 20:06:07 - multipart.multipart - DEBUG - Calling on_field_end with no data
2024-11-24 20:06:07 - multipart.multipart - DEBUG - Calling on_end with no data
2024-11-24 20:07:19 - multipart.multipart - DEBUG - Calling on_field_start with no data
2024-11-24 20:07:19 - multipart.multipart - DEBUG - Calling on_field_name with data[0:10]
2024-11-24 20:07:19 - multipart.multipart - DEBUG - Calling on_field_data with data[11:19]
2024-11-24 20:07:19 - multipart.multipart - DEBUG - Calling on_field_end with no data
2024-11-24 20:07:19 - multipart.multipart - DEBUG - Calling on_field_start with no data
2024-11-24 20:07:19 - multipart.multipart - DEBUG - Calling on_field_name with data[20:28]
2024-11-24 20:07:19 - multipart.multipart - DEBUG - Calling on_field_data with data[29:35]
2024-11-24 20:07:19 - multipart.multipart - DEBUG - Calling on_field_end with no data
2024-11-24 20:07:19 - multipart.multipart - DEBUG - Calling on_field_start with no data
2024-11-24 20:07:19 - multipart.multipart - DEBUG - Calling on_field_name with data[36:44]
2024-11-24 20:07:19 - multipart.multipart - DEBUG - Calling on_field_data with data[45:51]
2024-11-24 20:07:19 - multipart.multipart - DEBUG - Calling on_field_end with no data
2024-11-24 20:07:19 - multipart.multipart - DEBUG - Calling on_end with no data
2024-11-24 20:11:36 - multipart.multipart - DEBUG - Calling on_field_start with no data
2024-11-24 20:11:36 - multipart.multipart - DEBUG - Calling on_field_name with data[0:8]
2024-11-24 20:11:36 - multipart.multipart - DEBUG - Calling on_field_data with data[9:15]
2024-11-24 20:11:36 - multipart.multipart - DEBUG - Calling on_field_end with no data
2024-11-24 20:11:36 - multipart.multipart - DEBUG - Calling on_field_start with no data
2024-11-24 20:11:36 - multipart.multipart - DEBUG - Calling on_field_name with data[16:24]
2024-11-24 20:11:36 - multipart.multipart - DEBUG - Calling on_field_data with data[25:31]
2024-11-24 20:11:36 - multipart.multipart - DEBUG - Calling on_field_end with no data
2024-11-24 20:11:36 - multipart.multipart - DEBUG - Calling on_end with no data
2024-11-24 21:03:53 - multipart.multipart - DEBUG - Calling on_field_start with no data
2024-11-24 21:03:53 - multipart.multipart - DEBUG - Calling on_field_name with data[0:10]
2024-11-24 21:03:53 - multipart.multipart - DEBUG - Calling on_field_data with data[11:19]
2024-11-24 21:03:53 - multipart.multipart - DEBUG - Calling on_field_end with no data
2024-11-24 21:03:53 - multipart.multipart - DEBUG - Calling on_field_start with no data
2024-11-24 21:03:53 - multipart.multipart - DEBUG - Calling on_field_name with data[20:28]
2024-11-24 21:03:53 - multipart.multipart - DEBUG - Calling on_field_data with data[29:35]
2024-11-24 21:03:53 - multipart.multipart - DEBUG - Calling on_field_end with no data
2024-11-24 21:03:53 - multipart.multipart - DEBUG - Calling on_field_start with no data
2024-11-24 21:03:53 - multipart.multipart - DEBUG - Calling on_field_name with data[36:44]
2024-11-24 21:03:53 - multipart.multipart - DEBUG - Calling on_field_data with data[45:51]
2024-11-24 21:03:53 - multipart.multipart - DEBUG - Calling on_field_end with no data
2024-11-24 21:03:53 - multipart.multipart - DEBUG - Calling on_end with no data
2024-11-24 21:12:54 - multipart.multipart - DEBUG - Calling on_field_start with no data
2024-11-24 21:12:54 - multipart.multipart - DEBUG - Calling on_field_name with data[0:10]
2024-11-24 21:12:54 - multipart.multipart - DEBUG - Calling on_field_data with data[11:19]
2024-11-24 21:12:54 - multipart.multipart - DEBUG - Calling on_field_end with no data
2024-11-24 21:12:54 - multipart.multipart - DEBUG - Calling on_field_start with no data
2024-11-24 21:12:54 - multipart.multipart - DEBUG - Calling on_field_name with data[20:28]
2024-11-24 21:12:54 - multipart.multipart - DEBUG - Calling on_field_data with data[29:35]
2024-11-24 21:12:54 - multipart.multipart - DEBUG - Calling on_field_end with no data
2024-11-24 21:12:54 - multipart.multipart - DEBUG - Calling on_field_start with no data
2024-11-24 21:12:54 - multipart.multipart - DEBUG - Calling on_field_name with data[36:44]
2024-11-24 21:12:54 - multipart.multipart - DEBUG - Calling on_field_data with data[45:51]
2024-11-24 21:12:54 - multipart.multipart - DEBUG - Calling on_field_end with no data
2024-11-24 21:12:54 - multipart.multipart - DEBUG - Calling on_end with no data
2024-11-24 21:36:34 - passlib.handlers.bcrypt - WARNING - (trapped) error reading bcrypt version
Traceback (most recent call last):
  File "C:\Users\miliu\PycharmProjects\FastFast\.venv\Lib\site-packages\passlib\handlers\bcrypt.py", line 620, in _load_backend_mixin
    version = _bcrypt.__about__.__version__
              ^^^^^^^^^^^^^^^^^
AttributeError: module 'bcrypt' has no attribute '__about__'
2024-11-24 21:36:34 - passlib.handlers.bcrypt - DEBUG - detected 'bcrypt' backend, version '<unknown>'
2024-11-24 21:36:34 - passlib.handlers.bcrypt - DEBUG - 'bcrypt' backend lacks $2$ support, enabling workaround
2024-11-24 21:37:34 - multipart.multipart - DEBUG - Calling on_field_start with no data
2024-11-24 21:37:34 - multipart.multipart - DEBUG - Calling on_field_name with data[0:10]
2024-11-24 21:37:34 - multipart.multipart - DEBUG - Calling on_field_data with data[11:19]
2024-11-24 21:37:34 - multipart.multipart - DEBUG - Calling on_field_end with no data
2024-11-24 21:37:34 - multipart.multipart - DEBUG - Calling on_field_start with no data
2024-11-24 21:37:34 - multipart.multipart - DEBUG - Calling on_field_name with data[20:28]
2024-11-24 21:37:34 - multipart.multipart - DEBUG - Calling on_field_data with data[29:35]
2024-11-24 21:37:34 - multipart.multipart - DEBUG - Calling on_field_end with no data
2024-11-24 21:37:34 - multipart.multipart - DEBUG - Calling on_field_start with no data
2024-11-24 21:37:34 - multipart.multipart - DEBUG - Calling on_field_name with data[36:44]
2024-11-24 21:37:34 - multipart.multipart - DEBUG - Calling on_field_data with data[45:51]
2024-11-24 21:37:34 - multipart.multipart - DEBUG - Calling on_field_end with no data
2024-11-24 21:37:34 - multipart.multipart - DEBUG - Calling on_end with no data
2024-11-24 21:40:47 - multipart.multipart - DEBUG - Calling on_field_start with no data
2024-11-24 21:40:47 - multipart.multipart - DEBUG - Calling on_field_name with data[0:10]
2024-11-24 21:40:47 - multipart.multipart - DEBUG - Calling on_field_data with data[11:19]
2024-11-24 21:40:47 - multipart.multipart - DEBUG - Calling on_field_end with no data
2024-11-24 21:40:47 - multipart.multipart - DEBUG - Calling on_field_start with no data
2024-11-24 21:40:47 - multipart.multipart - DEBUG - Calling on_field_name with data[20:28]
2024-11-24 21:40:47 - multipart.multipart - DEBUG - Calling on_field_data with data[29:35]
2024-11-24 21:40:47 - multipart.multipart - DEBUG - Calling on_field_end with no data
2024-11-24 21:40:47 - multipart.multipart - DEBUG - Calling on_field_start with no data
2024-11-24 21:40:47 - multipart.multipart - DEBUG - Calling on_field_name with data[36:44]
2024-11-24 21:40:47 - multipart.multipart - DEBUG - Calling on_field_data with data[45:51]
2024-11-24 21:40:47 - multipart.multipart - DEBUG - Calling on_field_end with no data
2024-11-24 21:40:47 - multipart.multipart - DEBUG - Calling on_end with no data
2024-11-24 21:41:27 - multipart.multipart - DEBUG - Calling on_field_start with no data
2024-11-24 21:41:27 - multipart.multipart - DEBUG - Calling on_field_name with data[0:10]
2024-11-24 21:41:27 - multipart.multipart - DEBUG - Calling on_field_data with data[11:19]
2024-11-24 21:41:27 - multipart.multipart - DEBUG - Calling on_field_end with no data
2024-11-24 21:41:27 - multipart.multipart - DEBUG - Calling on_field_start with no data
2024-11-24 21:41:27 - multipart.multipart - DEBUG - Calling on_field_name with data[20:28]
2024-11-24 21:41:27 - multipart.multipart - DEBUG - Calling on_field_data with data[29:35]
2024-11-24 21:41:27 - multipart.multipart - DEBUG - Calling on_field_end with no data
2024-11-24 21:41:27 - multipart.multipart - DEBUG - Calling on_field_start with no data
2024-11-24 21:41:27 - multipart.multipart - DEBUG - Calling on_field_name with data[36:44]
2024-11-24 21:41:27 - multipart.multipart - DEBUG - Calling on_field_data with data[45:51]
2024-11-24 21:41:27 - multipart.multipart - DEBUG - Calling on_field_end with no data
2024-11-24 21:41:27 - multipart.multipart - DEBUG - Calling on_end with no data
2024-11-24 21:43:19 - multipart.multipart - DEBUG - Calling on_field_start with no data
2024-11-24 21:43:19 - multipart.multipart - DEBUG - Calling on_field_name with data[0:10]
2024-11-24 21:43:19 - multipart.multipart - DEBUG - Calling on_field_data with data[11:19]
2024-11-24 21:43:19 - multipart.multipart - DEBUG - Calling on_field_end with no data
2024-11-24 21:43:19 - multipart.multipart - DEBUG - Calling on_field_start with no data
2024-11-24 21:43:19 - multipart.multipart - DEBUG - Calling on_field_name with data[20:28]
2024-11-24 21:43:19 - multipart.multipart - DEBUG - Calling on_field_data with data[29:35]
2024-11-24 21:43:19 - multipart.multipart - DEBUG - Calling on_field_end with no data
2024-11-24 21:43:19 - multipart.multipart - DEBUG - Calling on_field_start with no data
2024-11-24 21:43:19 - multipart.multipart - DEBUG - Calling on_field_name with data[36:44]
2024-11-24 21:43:19 - multipart.multipart - DEBUG - Calling on_field_data with data[45:51]
2024-11-24 21:43:19 - multipart.multipart - DEBUG - Calling on_field_end with no data
2024-11-24 21:43:19 - multipart.multipart - DEBUG - Calling on_end with no data
2024-11-24 21:47:59 - multipart.multipart - DEBUG - Calling on_field_start with no data
2024-11-24 21:47:59 - multipart.multipart - DEBUG - Calling on_field_name with data[0:10]
2024-11-24 21:47:59 - multipart.multipart - DEBUG - Calling on_field_data with data[11:19]
2024-11-24 21:47:59 - multipart.multipart - DEBUG - Calling on_field_end with no data
2024-11-24 21:47:59 - multipart.multipart - DEBUG - Calling on_field_start with no data
2024-11-24 21:47:59 - multipart.multipart - DEBUG - Calling on_field_name with data[20:28]
2024-11-24 21:47:59 - multipart.multipart - DEBUG - Calling on_field_data with data[29:35]
2024-11-24 21:47:59 - multipart.multipart - DEBUG - Calling on_field_end with no data
2024-11-24 21:47:59 - multipart.multipart - DEBUG - Calling on_field_start with no data
2024-11-24 21:47:59 - multipart.multipart - DEBUG - Calling on_field_name with data[36:44]
2024-11-24 21:47:59 - multipart.multipart - DEBUG - Calling on_field_data with data[45:51]
2024-11-24 21:47:59 - multipart.multipart - DEBUG - Calling on_field_end with no data
2024-11-24 21:47:59 - multipart.multipart - DEBUG - Calling on_end with no data
2024-11-24 22:08:14 - multipart.multipart - DEBUG - Calling on_field_start with no data
2024-11-24 22:08:14 - multipart.multipart - DEBUG - Calling on_field_name with data[0:10]
2024-11-24 22:08:14 - multipart.multipart - DEBUG - Calling on_field_data with data[11:19]
2024-11-24 22:08:14 - multipart.multipart - DEBUG - Calling on_field_end with no data
2024-11-24 22:08:14 - multipart.multipart - DEBUG - Calling on_field_start with no data
2024-11-24 22:08:14 - multipart.multipart - DEBUG - Calling on_field_name with data[20:28]
2024-11-24 22:08:14 - multipart.multipart - DEBUG - Calling on_field_data with data[29:35]
2024-11-24 22:08:14 - multipart.multipart - DEBUG - Calling on_field_end with no data
2024-11-24 22:08:14 - multipart.multipart - DEBUG - Calling on_field_start with no data
2024-11-24 22:08:14 - multipart.multipart - DEBUG - Calling on_field_name with data[36:44]
2024-11-24 22:08:14 - multipart.multipart - DEBUG - Calling on_field_data with data[45:51]
2024-11-24 22:08:14 - multipart.multipart - DEBUG - Calling on_field_end with no data
2024-11-24 22:08:14 - multipart.multipart - DEBUG - Calling on_end with no data
2024-11-24 22:09:20 - multipart.multipart - DEBUG - Calling on_field_start with no data
2024-11-24 22:09:20 - multipart.multipart - DEBUG - Calling on_field_name with data[0:10]
2024-11-24 22:09:20 - multipart.multipart - DEBUG - Calling on_field_data with data[11:19]
2024-11-24 22:09:20 - multipart.multipart - DEBUG - Calling on_field_end with no data
2024-11-24 22:09:20 - multipart.multipart - DEBUG - Calling on_field_start with no data
2024-11-24 22:09:20 - multipart.multipart - DEBUG - Calling on_field_name with data[20:28]
2024-11-24 22:09:20 - multipart.multipart - DEBUG - Calling on_field_data with data[29:35]
2024-11-24 22:09:20 - multipart.multipart - DEBUG - Calling on_field_end with no data
2024-11-24 22:09:20 - multipart.multipart - DEBUG - Calling on_field_start with no data
2024-11-24 22:09:20 - multipart.multipart - DEBUG - Calling on_field_name with data[36:44]
2024-11-24 22:09:20 - multipart.multipart - DEBUG - Calling on_field_data with data[45:51]
2024-11-24 22:09:20 - multipart.multipart - DEBUG - Calling on_field_end with no data
2024-11-24 22:09:20 - multipart.multipart - DEBUG - Calling on_end with no data
2024-11-24 22:12:26 - multipart.multipart - DEBUG - Calling on_field_start with no data
2024-11-24 22:12:26 - multipart.multipart - DEBUG - Calling on_field_name with data[0:10]
2024-11-24 22:12:26 - multipart.multipart - DEBUG - Calling on_field_data with data[11:19]
2024-11-24 22:12:26 - multipart.multipart - DEBUG - Calling on_field_end with no data
2024-11-24 22:12:26 - multipart.multipart - DEBUG - Calling on_field_start with no data
2024-11-24 22:12:26 - multipart.multipart - DEBUG - Calling on_field_name with data[20:28]
2024-11-24 22:12:26 - multipart.multipart - DEBUG - Calling on_field_data with data[29:35]
2024-11-24 22:12:26 - multipart.multipart - DEBUG - Calling on_field_end with no data
2024-11-24 22:12:26 - multipart.multipart - DEBUG - Calling on_field_start with no data
2024-11-24 22:12:26 - multipart.multipart - DEBUG - Calling on_field_name with data[36:44]
2024-11-24 22:12:26 - multipart.multipart - DEBUG - Calling on_field_data with data[45:51]
2024-11-24 22:12:26 - multipart.multipart - DEBUG - Calling on_field_end with no data
2024-11-24 22:12:26 - multipart.multipart - DEBUG - Calling on_end with no data
2024-11-24 22:21:51 - multipart.multipart - DEBUG - Calling on_field_start with no data
2024-11-24 22:21:51 - multipart.multipart - DEBUG - Calling on_field_name with data[0:10]
2024-11-24 22:21:51 - multipart.multipart - DEBUG - Calling on_field_data with data[11:19]
2024-11-24 22:21:51 - multipart.multipart - DEBUG - Calling on_field_end with no data
2024-11-24 22:21:51 - multipart.multipart - DEBUG - Calling on_field_start with no data
2024-11-24 22:21:51 - multipart.multipart - DEBUG - Calling on_field_name with data[20:28]
2024-11-24 22:21:51 - multipart.multipart - DEBUG - Calling on_field_data with data[29:35]
2024-11-24 22:21:51 - multipart.multipart - DEBUG - Calling on_field_end with no data
2024-11-24 22:21:51 - multipart.multipart - DEBUG - Calling on_field_start with no data
2024-11-24 22:21:51 - multipart.multipart - DEBUG - Calling on_field_name with data[36:44]
2024-11-24 22:21:51 - multipart.multipart - DEBUG - Calling on_field_data with data[45:51]
2024-11-24 22:21:51 - multipart.multipart - DEBUG - Calling on_field_end with no data
2024-11-24 22:21:51 - multipart.multipart - DEBUG - Calling on_end with no data
2024-11-24 22:22:38 - multipart.multipart - DEBUG - Calling on_field_start with no data
2024-11-24 22:22:38 - multipart.multipart - DEBUG - Calling on_field_name with data[0:10]
2024-11-24 22:22:38 - multipart.multipart - DEBUG - Calling on_field_data with data[11:19]
2024-11-24 22:22:38 - multipart.multipart - DEBUG - Calling on_field_end with no data
2024-11-24 22:22:38 - multipart.multipart - DEBUG - Calling on_field_start with no data
2024-11-24 22:22:38 - multipart.multipart - DEBUG - Calling on_field_name with data[20:28]
2024-11-24 22:22:38 - multipart.multipart - DEBUG - Calling on_field_data with data[29:35]
2024-11-24 22:22:38 - multipart.multipart - DEBUG - Calling on_field_end with no data
2024-11-24 22:22:38 - multipart.multipart - DEBUG - Calling on_field_start with no data
2024-11-24 22:22:38 - multipart.multipart - DEBUG - Calling on_field_name with data[36:44]
2024-11-24 22:22:38 - multipart.multipart - DEBUG - Calling on_field_data with data[45:51]
2024-11-24 22:22:38 - multipart.multipart - DEBUG - Calling on_field_end with no data
2024-11-24 22:22:38 - multipart.multipart - DEBUG - Calling on_end with no data
2024-11-24 22:33:09 - multipart.multipart - DEBUG - Calling on_field_start with no data
2024-11-24 22:33:09 - multipart.multipart - DEBUG - Calling on_field_name with data[0:10]
2024-11-24 22:33:09 - multipart.multipart - DEBUG - Calling on_field_data with data[11:19]
2024-11-24 22:33:09 - multipart.multipart - DEBUG - Calling on_field_end with no data
2024-11-24 22:33:09 - multipart.multipart - DEBUG - Calling on_field_start with no data
2024-11-24 22:33:09 - multipart.multipart - DEBUG - Calling on_field_name with data[20:28]
2024-11-24 22:33:09 - multipart.multipart - DEBUG - Calling on_field_data with data[29:35]
2024-11-24 22:33:09 - multipart.multipart - DEBUG - Calling on_field_end with no data
2024-11-24 22:33:09 - multipart.multipart - DEBUG - Calling on_field_start with no data
2024-11-24 22:33:09 - multipart.multipart - DEBUG - Calling on_field_name with data[36:44]
2024-11-24 22:33:09 - multipart.multipart - DEBUG - Calling on_field_data with data[45:51]
2024-11-24 22:33:09 - multipart.multipart - DEBUG - Calling on_field_end with no data
2024-11-24 22:33:09 - multipart.multipart - DEBUG - Calling on_end with no data
2024-11-24 22:33:40 - multipart.multipart - DEBUG - Calling on_field_start with no data
2024-11-24 22:33:40 - multipart.multipart - DEBUG - Calling on_field_name with data[0:8]
2024-11-24 22:33:40 - multipart.multipart - DEBUG - Calling on_field_data with data[9:15]
2024-11-24 22:33:40 - multipart.multipart - DEBUG - Calling on_field_end with no data
2024-11-24 22:33:40 - multipart.multipart - DEBUG - Calling on_field_start with no data
2024-11-24 22:33:40 - multipart.multipart - DEBUG - Calling on_field_name with data[16:24]
2024-11-24 22:33:40 - multipart.multipart - DEBUG - Calling on_field_data with data[25:31]
2024-11-24 22:33:40 - multipart.multipart - DEBUG - Calling on_field_end with no data
2024-11-24 22:33:40 - multipart.multipart - DEBUG - Calling on_end with no data
2024-11-24 22:39:51 - multipart.multipart - DEBUG - Calling on_field_start with no data
2024-11-24 22:39:51 - multipart.multipart - DEBUG - Calling on_field_name with data[0:10]
2024-11-24 22:39:51 - multipart.multipart - DEBUG - Calling on_field_data with data[11:19]
2024-11-24 22:39:51 - multipart.multipart - DEBUG - Calling on_field_end with no data
2024-11-24 22:39:51 - multipart.multipart - DEBUG - Calling on_field_start with no data
2024-11-24 22:39:51 - multipart.multipart - DEBUG - Calling on_field_name with data[20:28]
2024-11-24 22:39:51 - multipart.multipart - DEBUG - Calling on_field_data with data[29:35]
2024-11-24 22:39:51 - multipart.multipart - DEBUG - Calling on_field_end with no data
2024-11-24 22:39:51 - multipart.multipart - DEBUG - Calling on_field_start with no data
2024-11-24 22:39:51 - multipart.multipart - DEBUG - Calling on_field_name with data[36:44]
2024-11-24 22:39:51 - multipart.multipart - DEBUG - Calling on_field_data with data[45:51]
2024-11-24 22:39:51 - multipart.multipart - DEBUG - Calling on_field_end with no data
2024-11-24 22:39:51 - multipart.multipart - DEBUG - Calling on_end with no data
2024-11-24 22:54:27 - multipart.multipart - DEBUG - Calling on_field_start with no data
2024-11-24 22:54:27 - multipart.multipart - DEBUG - Calling on_field_name with data[0:10]
2024-11-24 22:54:27 - multipart.multipart - DEBUG - Calling on_field_data with data[11:19]
2024-11-24 22:54:27 - multipart.multipart - DEBUG - Calling on_field_end with no data
2024-11-24 22:54:27 - multipart.multipart - DEBUG - Calling on_field_start with no data
2024-11-24 22:54:27 - multipart.multipart - DEBUG - Calling on_field_name with data[20:28]
2024-11-24 22:54:27 - multipart.multipart - DEBUG - Calling on_field_data with data[29:35]
2024-11-24 22:54:27 - multipart.multipart - DEBUG - Calling on_field_end with no data
2024-11-24 22:54:27 - multipart.multipart - DEBUG - Calling on_field_start with no data
2024-11-24 22:54:27 - multipart.multipart - DEBUG - Calling on_field_name with data[36:44]
2024-11-24 22:54:27 - multipart.multipart - DEBUG - Calling on_field_data with data[45:51]
2024-11-24 22:54:27 - multipart.multipart - DEBUG - Calling on_field_end with no data
2024-11-24 22:54:27 - multipart.multipart - DEBUG - Calling on_end with no data
2024-11-24 22:58:01 - multipart.multipart - DEBUG - Calling on_field_start with no data
2024-11-24 22:58:01 - multipart.multipart - DEBUG - Calling on_field_name with data[0:10]
2024-11-24 22:58:01 - multipart.multipart - DEBUG - Calling on_field_data with data[11:19]
2024-11-24 22:58:01 - multipart.multipart - DEBUG - Calling on_field_end with no data
2024-11-24 22:58:01 - multipart.multipart - DEBUG - Calling on_field_start with no data
2024-11-24 22:58:01 - multipart.multipart - DEBUG - Calling on_field_name with data[20:28]
2024-11-24 22:58:01 - multipart.multipart - DEBUG - Calling on_field_data with data[29:35]
2024-11-24 22:58:01 - multipart.multipart - DEBUG - Calling on_field_end with no data
2024-11-24 22:58:01 - multipart.multipart - DEBUG - Calling on_field_start with no data
2024-11-24 22:58:01 - multipart.multipart - DEBUG - Calling on_field_name with data[36:44]
2024-11-24 22:58:01 - multipart.multipart - DEBUG - Calling on_field_data with data[45:51]
2024-11-24 22:58:01 - multipart.multipart - DEBUG - Calling on_field_end with no data
2024-11-24 22:58:01 - multipart.multipart - DEBUG - Calling on_end with no data
2024-11-24 22:58:46 - multipart.multipart - DEBUG - Calling on_field_start with no data
2024-11-24 22:58:46 - multipart.multipart - DEBUG - Calling on_field_name with data[0:10]
2024-11-24 22:58:46 - multipart.multipart - DEBUG - Calling on_field_data with data[11:19]
2024-11-24 22:58:46 - multipart.multipart - DEBUG - Calling on_field_end with no data
2024-11-24 22:58:46 - multipart.multipart - DEBUG - Calling on_field_start with no data
2024-11-24 22:58:46 - multipart.multipart - DEBUG - Calling on_field_name with data[20:28]
2024-11-24 22:58:46 - multipart.multipart - DEBUG - Calling on_field_data with data[29:35]
2024-11-24 22:58:46 - multipart.multipart - DEBUG - Calling on_field_end with no data
2024-11-24 22:58:46 - multipart.multipart - DEBUG - Calling on_field_start with no data
2024-11-24 22:58:46 - multipart.multipart - DEBUG - Calling on_field_name with data[36:44]
2024-11-24 22:58:46 - multipart.multipart - DEBUG - Calling on_field_data with data[45:51]
2024-11-24 22:58:46 - multipart.multipart - DEBUG - Calling on_field_end with no data
2024-11-24 22:58:46 - multipart.multipart - DEBUG - Calling on_end with no data
2024-11-24 22:59:06 - multipart.multipart - DEBUG - Calling on_field_start with no data
2024-11-24 22:59:06 - multipart.multipart - DEBUG - Calling on_field_name with data[0:10]
2024-11-24 22:59:06 - multipart.multipart - DEBUG - Calling on_field_data with data[11:19]
2024-11-24 22:59:06 - multipart.multipart - DEBUG - Calling on_field_end with no data
2024-11-24 22:59:06 - multipart.multipart - DEBUG - Calling on_field_start with no data
2024-11-24 22:59:06 - multipart.multipart - DEBUG - Calling on_field_name with data[20:28]
2024-11-24 22:59:06 - multipart.multipart - DEBUG - Calling on_field_data with data[29:35]
2024-11-24 22:59:06 - multipart.multipart - DEBUG - Calling on_field_end with no data
2024-11-24 22:59:06 - multipart.multipart - DEBUG - Calling on_field_start with no data
2024-11-24 22:59:06 - multipart.multipart - DEBUG - Calling on_field_name with data[36:44]
2024-11-24 22:59:06 - multipart.multipart - DEBUG - Calling on_field_data with data[45:115]
2024-11-24 22:59:06 - multipart.multipart - DEBUG - Calling on_field_end with no data
2024-11-24 22:59:06 - multipart.multipart - DEBUG - Calling on_end with no data
2024-11-24 22:59:07 - multipart.multipart - DEBUG - Calling on_field_start with no data
2024-11-24 22:59:07 - multipart.multipart - DEBUG - Calling on_field_name with data[0:10]
2024-11-24 22:59:07 - multipart.multipart - DEBUG - Calling on_field_data with data[11:19]
2024-11-24 22:59:07 - multipart.multipart - DEBUG - Calling on_field_end with no data
2024-11-24 22:59:07 - multipart.multipart - DEBUG - Calling on_field_start with no data
2024-11-24 22:59:07 - multipart.multipart - DEBUG - Calling on_field_name with data[20:28]
2024-11-24 22:59:07 - multipart.multipart - DEBUG - Calling on_field_data with data[29:35]
2024-11-24 22:59:07 - multipart.multipart - DEBUG - Calling on_field_end with no data
2024-11-24 22:59:07 - multipart.multipart - DEBUG - Calling on_field_start with no data
2024-11-24 22:59:07 - multipart.multipart - DEBUG - Calling on_field_name with data[36:44]
2024-11-24 22:59:07 - multipart.multipart - DEBUG - Calling on_field_data with data[45:115]
2024-11-24 22:59:07 - multipart.multipart - DEBUG - Calling on_field_end with no data
2024-11-24 22:59:07 - multipart.multipart - DEBUG - Calling on_end with no data
2024-11-24 22:59:07 - multipart.multipart - DEBUG - Calling on_field_start with no data
2024-11-24 22:59:07 - multipart.multipart - DEBUG - Calling on_field_name with data[0:10]
2024-11-24 22:59:07 - multipart.multipart - DEBUG - Calling on_field_data with data[11:19]
2024-11-24 22:59:07 - multipart.multipart - DEBUG - Calling on_field_end with no data
2024-11-24 22:59:07 - multipart.multipart - DEBUG - Calling on_field_start with no data
2024-11-24 22:59:07 - multipart.multipart - DEBUG - Calling on_field_name with data[20:28]
2024-11-24 22:59:07 - multipart.multipart - DEBUG - Calling on_field_data with data[29:35]
2024-11-24 22:59:07 - multipart.multipart - DEBUG - Calling on_field_end with no data
2024-11-24 22:59:07 - multipart.multipart - DEBUG - Calling on_field_start with no data
2024-11-24 22:59:07 - multipart.multipart - DEBUG - Calling on_field_name with data[36:44]
2024-11-24 22:59:07 - multipart.multipart - DEBUG - Calling on_field_data with data[45:115]
2024-11-24 22:59:07 - multipart.multipart - DEBUG - Calling on_field_end with no data
2024-11-24 22:59:07 - multipart.multipart - DEBUG - Calling on_end with no data
2024-11-24 22:59:07 - multipart.multipart - DEBUG - Calling on_field_start with no data
2024-11-24 22:59:07 - multipart.multipart - DEBUG - Calling on_field_name with data[0:10]
2024-11-24 22:59:07 - multipart.multipart - DEBUG - Calling on_field_data with data[11:19]
2024-11-24 22:59:07 - multipart.multipart - DEBUG - Calling on_field_end with no data
2024-11-24 22:59:07 - multipart.multipart - DEBUG - Calling on_field_start with no data
2024-11-24 22:59:07 - multipart.multipart - DEBUG - Calling on_field_name with data[20:28]
2024-11-24 22:59:07 - multipart.multipart - DEBUG - Calling on_field_data with data[29:35]
2024-11-24 22:59:07 - multipart.multipart - DEBUG - Calling on_field_end with no data
2024-11-24 22:59:07 - multipart.multipart - DEBUG - Calling on_field_start with no data
2024-11-24 22:59:07 - multipart.multipart - DEBUG - Calling on_field_name with data[36:44]
2024-11-24 22:59:07 - multipart.multipart - DEBUG - Calling on_field_data with data[45:115]
2024-11-24 22:59:07 - multipart.multipart - DEBUG - Calling on_field_end with no data
2024-11-24 22:59:07 - multipart.multipart - DEBUG - Calling on_end with no data
2024-11-24 22:59:24 - multipart.multipart - DEBUG - Calling on_field_start with no data
2024-11-24 22:59:24 - multipart.multipart - DEBUG - Calling on_field_name with data[0:8]
2024-11-24 22:59:24 - multipart.multipart - DEBUG - Calling on_field_data with data[9:15]
2024-11-24 22:59:24 - multipart.multipart - DEBUG - Calling on_field_end with no data
2024-11-24 22:59:24 - multipart.multipart - DEBUG - Calling on_field_start with no data
2024-11-24 22:59:24 - multipart.multipart - DEBUG - Calling on_field_name with data[16:24]
2024-11-24 22:59:24 - multipart.multipart - DEBUG - Calling on_field_data with data[25:31]
2024-11-24 22:59:24 - multipart.multipart - DEBUG - Calling on_field_end with no data
2024-11-24 22:59:24 - multipart.multipart - DEBUG - Calling on_end with no data
2024-11-24 23:01:47 - multipart.multipart - DEBUG - Calling on_field_start with no data
2024-11-24 23:01:47 - multipart.multipart - DEBUG - Calling on_field_name with data[0:9]
2024-11-24 23:01:47 - multipart.multipart - DEBUG - Calling on_field_data with data[10:16]
2024-11-24 23:01:47 - multipart.multipart - DEBUG - Calling on_field_end with no data
2024-11-24 23:01:47 - multipart.multipart - DEBUG - Calling on_field_start with no data
2024-11-24 23:01:47 - multipart.multipart - DEBUG - Calling on_field_name with data[17:25]
2024-11-24 23:01:47 - multipart.multipart - DEBUG - Calling on_field_data with data[26:32]
2024-11-24 23:01:47 - multipart.multipart - DEBUG - Calling on_field_end with no data
2024-11-24 23:01:47 - multipart.multipart - DEBUG - Calling on_end with no data
2024-11-24 23:16:02 - multipart.multipart - DEBUG - Calling on_field_start with no data
2024-11-24 23:16:02 - multipart.multipart - DEBUG - Calling on_field_name with data[0:10]
2024-11-24 23:16:02 - multipart.multipart - DEBUG - Calling on_field_data with data[11:19]
2024-11-24 23:16:02 - multipart.multipart - DEBUG - Calling on_field_end with no data
2024-11-24 23:16:02 - multipart.multipart - DEBUG - Calling on_field_start with no data
2024-11-24 23:16:02 - multipart.multipart - DEBUG - Calling on_field_name with data[20:28]
2024-11-24 23:16:02 - multipart.multipart - DEBUG - Calling on_field_data with data[29:35]
2024-11-24 23:16:02 - multipart.multipart - DEBUG - Calling on_field_end with no data
2024-11-24 23:16:02 - multipart.multipart - DEBUG - Calling on_field_start with no data
2024-11-24 23:16:02 - multipart.multipart - DEBUG - Calling on_field_name with data[36:44]
2024-11-24 23:16:02 - multipart.multipart - DEBUG - Calling on_field_data with data[45:51]
2024-11-24 23:16:02 - multipart.multipart - DEBUG - Calling on_field_end with no data
2024-11-24 23:16:02 - multipart.multipart - DEBUG - Calling on_end with no data
2024-11-24 23:29:13 - multipart.multipart - DEBUG - Calling on_field_start with no data
2024-11-24 23:29:13 - multipart.multipart - DEBUG - Calling on_field_name with data[0:10]
2024-11-24 23:29:13 - multipart.multipart - DEBUG - Calling on_field_data with data[11:19]
2024-11-24 23:29:13 - multipart.multipart - DEBUG - Calling on_field_end with no data
2024-11-24 23:29:13 - multipart.multipart - DEBUG - Calling on_field_start with no data
2024-11-24 23:29:13 - multipart.multipart - DEBUG - Calling on_field_name with data[20:28]
2024-11-24 23:29:13 - multipart.multipart - DEBUG - Calling on_field_data with data[29:35]
2024-11-24 23:29:13 - multipart.multipart - DEBUG - Calling on_field_end with no data
2024-11-24 23:29:13 - multipart.multipart - DEBUG - Calling on_field_start with no data
2024-11-24 23:29:13 - multipart.multipart - DEBUG - Calling on_field_name with data[36:44]
2024-11-24 23:29:13 - multipart.multipart - DEBUG - Calling on_field_data with data[45:51]
2024-11-24 23:29:13 - multipart.multipart - DEBUG - Calling on_field_end with no data
2024-11-24 23:29:13 - multipart.multipart - DEBUG - Calling on_end with no data
2024-11-24 23:32:39 - multipart.multipart - DEBUG - Calling on_field_start with no data
2024-11-24 23:32:39 - multipart.multipart - DEBUG - Calling on_field_name with data[0:9]
2024-11-24 23:32:39 - multipart.multipart - DEBUG - Calling on_field_data with data[10:16]
2024-11-24 23:32:39 - multipart.multipart - DEBUG - Calling on_field_end with no data
2024-11-24 23:32:39 - multipart.multipart - DEBUG - Calling on_field_start with no data
2024-11-24 23:32:39 - multipart.multipart - DEBUG - Calling on_field_name with data[17:25]
2024-11-24 23:32:39 - multipart.multipart - DEBUG - Calling on_field_data with data[26:32]
2024-11-24 23:32:39 - multipart.multipart - DEBUG - Calling on_field_end with no data
2024-11-24 23:32:39 - multipart.multipart - DEBUG - Calling on_end with no data
2024-11-24 23:44:34 - multipart.multipart - DEBUG - Calling on_field_start with no data
2024-11-24 23:44:34 - multipart.multipart - DEBUG - Calling on_field_name with data[0:10]
2024-11-24 23:44:34 - multipart.multipart - DEBUG - Calling on_field_data with data[11:19]
2024-11-24 23:44:34 - multipart.multipart - DEBUG - Calling on_field_end with no data
2024-11-24 23:44:34 - multipart.multipart - DEBUG - Calling on_field_start with no data
2024-11-24 23:44:34 - multipart.multipart - DEBUG - Calling on_field_name with data[20:28]
2024-11-24 23:44:34 - multipart.multipart - DEBUG - Calling on_field_data with data[29:35]
2024-11-24 23:44:34 - multipart.multipart - DEBUG - Calling on_field_end with no data
2024-11-24 23:44:34 - multipart.multipart - DEBUG - Calling on_field_start with no data
2024-11-24 23:44:34 - multipart.multipart - DEBUG - Calling on_field_name with data[36:44]
2024-11-24 23:44:34 - multipart.multipart - DEBUG - Calling on_field_data with data[45:51]
2024-11-24 23:44:34 - multipart.multipart - DEBUG - Calling on_field_end with no data
2024-11-24 23:44:34 - multipart.multipart - DEBUG - Calling on_end with no data
2024-11-24 23:44:34 - passlib.handlers.bcrypt - WARNING - (trapped) error reading bcrypt version
Traceback (most recent call last):
  File "C:\Users\miliu\PycharmProjects\FastFast\.venv\Lib\site-packages\passlib\handlers\bcrypt.py", line 620, in _load_backend_mixin
    version = _bcrypt.__about__.__version__
              ^^^^^^^^^^^^^^^^^
AttributeError: module 'bcrypt' has no attribute '__about__'
2024-11-24 23:44:34 - passlib.handlers.bcrypt - DEBUG - detected 'bcrypt' backend, version '<unknown>'
2024-11-24 23:44:34 - passlib.handlers.bcrypt - DEBUG - 'bcrypt' backend lacks $2$ support, enabling workaround
2024-11-24 23:44:58 - multipart.multipart - DEBUG - Calling on_field_start with no data
2024-11-24 23:44:58 - multipart.multipart - DEBUG - Calling on_field_name with data[0:8]
2024-11-24 23:44:58 - multipart.multipart - DEBUG - Calling on_field_data with data[9:15]
2024-11-24 23:44:58 - multipart.multipart - DEBUG - Calling on_field_end with no data
2024-11-24 23:44:58 - multipart.multipart - DEBUG - Calling on_field_start with no data
2024-11-24 23:44:58 - multipart.multipart - DEBUG - Calling on_field_name with data[16:24]
2024-11-24 23:44:58 - multipart.multipart - DEBUG - Calling on_field_data with data[25:31]
2024-11-24 23:44:58 - multipart.multipart - DEBUG - Calling on_field_end with no data
2024-11-24 23:44:58 - multipart.multipart - DEBUG - Calling on_end with no data
